# JRE version: OpenJDK Runtime Environment (8.0_242-b01) (build 1.8.0_242-release-1644-b01)
# Java VM: OpenJDK 64-Bit Server VM (25.242-b01 mixed mode windows-amd64 compressed oops)
Heap:
 PSYoungGen      total 603648K, used 397632K [0x00000000d5580000, 0x00000000ffc00000, 0x0000000100000000)
  eden space 547328K, 66% used [0x00000000d5580000,0x00000000ebb2ef68,0x00000000f6c00000)
  from space 56320K, 55% used [0x00000000f6c00000,0x00000000f8aa11a0,0x00000000fa300000)
  to   space 54784K, 0% used [0x00000000fc680000,0x00000000fc680000,0x00000000ffc00000)
 ParOldGen       total 198144K, used 82857K [0x0000000080000000, 0x000000008c180000, 0x00000000d5580000)
  object space 198144K, 41% used [0x0000000080000000,0x00000000850ea410,0x000000008c180000)
 Metaspace       used 118437K, capacity 128316K, committed 128460K, reserved 1161216K
  class space    used 15371K, capacity 17015K, committed 17152K, reserved 1048576K
GC Heap History (10 events):
Event: 12004.953 GC heap before
{Heap before GC invocations=37 (full 4):
 PSYoungGen      total 476160K, used 461742K [0x00000000d5580000, 0x00000000f6c00000, 0x0000000100000000)
  eden space 422912K, 100% used [0x00000000d5580000,0x00000000ef280000,0x00000000ef280000)
  from space 53248K, 72% used [0x00000000f2780000,0x00000000f4d6bb88,0x00000000f5b80000)
  to   space 54272K, 0% used [0x00000000ef280000,0x00000000ef280000,0x00000000f2780000)
 ParOldGen       total 198144K, used 79656K [0x0000000080000000, 0x000000008c180000, 0x00000000d5580000)
  object space 198144K, 40% used [0x0000000080000000,0x0000000084dca330,0x000000008c180000)
 Metaspace       used 118264K, capacity 128112K, committed 128460K, reserved 1161216K
  class space    used 15369K, capacity 17013K, committed 17152K, reserved 1048576K
Event: 12004.992 GC heap after
Heap after GC invocations=37 (full 4):
 PSYoungGen      total 477184K, used 38564K [0x00000000d5580000, 0x00000000f9280000, 0x0000000100000000)
  eden space 422912K, 0% used [0x00000000d5580000,0x00000000d5580000,0x00000000ef280000)
  from space 54272K, 71% used [0x00000000ef280000,0x00000000f1829120,0x00000000f2780000)
  to   space 54272K, 0% used [0x00000000f5d80000,0x00000000f5d80000,0x00000000f9280000)
 ParOldGen       total 198144K, used 81424K [0x0000000080000000, 0x000000008c180000, 0x00000000d5580000)
  object space 198144K, 41% used [0x0000000080000000,0x0000000084f843c0,0x000000008c180000)
 Metaspace       used 118264K, capacity 128112K, committed 128460K, reserved 1161216K
  class space    used 15369K, capacity 17013K, committed 17152K, reserved 1048576K
}
Event: 12005.918 GC heap before
{Heap before GC invocations=38 (full 4):
 PSYoungGen      total 477184K, used 461476K [0x00000000d5580000, 0x00000000f9280000, 0x0000000100000000)
  eden space 422912K, 100% used [0x00000000d5580000,0x00000000ef280000,0x00000000ef280000)
  from space 54272K, 71% used [0x00000000ef280000,0x00000000f1829120,0x00000000f2780000)
  to   space 54272K, 0% used [0x00000000f5d80000,0x00000000f5d80000,0x00000000f9280000)
 ParOldGen       total 198144K, used 81424K [0x0000000080000000, 0x000000008c180000, 0x00000000d5580000)
  object space 198144K, 41% used [0x0000000080000000,0x0000000084f843c0,0x000000008c180000)
 Metaspace       used 118339K, capacity 128182K, committed 128460K, reserved 1161216K
  class space    used 15370K, capacity 17014K, committed 17152K, reserved 1048576K
Event: 12005.959 GC heap after
Heap after GC invocations=38 (full 4):
 PSYoungGen      total 530944K, used 41666K [0x00000000d5580000, 0x00000000f9980000, 0x0000000100000000)
  eden space 476672K, 0% used [0x00000000d5580000,0x00000000d5580000,0x00000000f2700000)
  from space 54272K, 76% used [0x00000000f5d80000,0x00000000f8630980,0x00000000f9280000)
  to   space 55808K, 0% used [0x00000000f2700000,0x00000000f2700000,0x00000000f5d80000)
 ParOldGen       total 198144K, used 81632K [0x0000000080000000, 0x000000008c180000, 0x00000000d5580000)
  object space 198144K, 41% used [0x0000000080000000,0x0000000084fb83e0,0x000000008c180000)
 Metaspace       used 118339K, capacity 128182K, committed 128460K, reserved 1161216K
  class space    used 15370K, capacity 17014K, committed 17152K, reserved 1048576K
}
Event: 12006.827 GC heap before
{Heap before GC invocations=39 (full 4):
 PSYoungGen      total 530944K, used 518338K [0x00000000d5580000, 0x00000000f9980000, 0x0000000100000000)
  eden space 476672K, 100% used [0x00000000d5580000,0x00000000f2700000,0x00000000f2700000)
  from space 54272K, 76% used [0x00000000f5d80000,0x00000000f8630980,0x00000000f9280000)
  to   space 55808K, 0% used [0x00000000f2700000,0x00000000f2700000,0x00000000f5d80000)
 ParOldGen       total 198144K, used 81632K [0x0000000080000000, 0x000000008c180000, 0x00000000d5580000)
  object space 198144K, 41% used [0x0000000080000000,0x0000000084fb83e0,0x000000008c180000)
 Metaspace       used 118376K, capacity 128182K, committed 128460K, reserved 1161216K
  class space    used 15370K, capacity 17014K, committed 17152K, reserved 1048576K
Event: 12006.865 GC heap after
Heap after GC invocations=39 (full 4):
 PSYoungGen      total 532480K, used 43464K [0x00000000d5580000, 0x00000000fdb00000, 0x0000000100000000)
  eden space 476672K, 0% used [0x00000000d5580000,0x00000000d5580000,0x00000000f2700000)
  from space 55808K, 77% used [0x00000000f2700000,0x00000000f5172150,0x00000000f5d80000)
  to   space 57344K, 0% used [0x00000000fa300000,0x00000000fa300000,0x00000000fdb00000)
 ParOldGen       total 198144K, used 82208K [0x0000000080000000, 0x000000008c180000, 0x00000000d5580000)
  object space 198144K, 41% used [0x0000000080000000,0x00000000850483e0,0x000000008c180000)
 Metaspace       used 118376K, capacity 128182K, committed 128460K, reserved 1161216K
  class space    used 15370K, capacity 17014K, committed 17152K, reserved 1048576K
}
Event: 12007.754 GC heap before
{Heap before GC invocations=40 (full 4):
 PSYoungGen      total 532480K, used 520136K [0x00000000d5580000, 0x00000000fdb00000, 0x0000000100000000)
  eden space 476672K, 100% used [0x00000000d5580000,0x00000000f2700000,0x00000000f2700000)
  from space 55808K, 77% used [0x00000000f2700000,0x00000000f5172150,0x00000000f5d80000)
  to   space 57344K, 0% used [0x00000000fa300000,0x00000000fa300000,0x00000000fdb00000)
 ParOldGen       total 198144K, used 82208K [0x0000000080000000, 0x000000008c180000, 0x00000000d5580000)
  object space 198144K, 41% used [0x0000000080000000,0x00000000850483e0,0x000000008c180000)
 Metaspace       used 118395K, capacity 128248K, committed 128460K, reserved 1161216K
  class space    used 15371K, capacity 17015K, committed 17152K, reserved 1048576K
Event: 12007.800 GC heap after
Heap after GC invocations=40 (full 4):
 PSYoungGen      total 604672K, used 38057K [0x00000000d5580000, 0x00000000fdc00000, 0x0000000100000000)
  eden space 547328K, 0% used [0x00000000d5580000,0x00000000d5580000,0x00000000f6c00000)
  from space 57344K, 66% used [0x00000000fa300000,0x00000000fc82a780,0x00000000fdb00000)
  to   space 56320K, 0% used [0x00000000f6c00000,0x00000000f6c00000,0x00000000fa300000)
 ParOldGen       total 198144K, used 82377K [0x0000000080000000, 0x000000008c180000, 0x00000000d5580000)
  object space 198144K, 41% used [0x0000000080000000,0x0000000085072410,0x000000008c180000)
 Metaspace       used 118395K, capacity 128248K, committed 128460K, reserved 1161216K
  class space    used 15371K, capacity 17015K, committed 17152K, reserved 1048576K
}
Event: 12009.136 GC heap before
{Heap before GC invocations=41 (full 4):
 PSYoungGen      total 604672K, used 585385K [0x00000000d5580000, 0x00000000fdc00000, 0x0000000100000000)
  eden space 547328K, 100% used [0x00000000d5580000,0x00000000f6c00000,0x00000000f6c00000)
  from space 57344K, 66% used [0x00000000fa300000,0x00000000fc82a780,0x00000000fdb00000)
  to   space 56320K, 0% used [0x00000000f6c00000,0x00000000f6c00000,0x00000000fa300000)
 ParOldGen       total 198144K, used 82377K [0x0000000080000000, 0x000000008c180000, 0x00000000d5580000)
  object space 198144K, 41% used [0x0000000080000000,0x0000000085072410,0x000000008c180000)
 Metaspace       used 118421K, capacity 128316K, committed 128460K, reserved 1161216K
  class space    used 15371K, capacity 17015K, committed 17152K, reserved 1048576K
Event: 12009.166 GC heap after
Heap after GC invocations=41 (full 4):
 PSYoungGen      total 603648K, used 31364K [0x00000000d5580000, 0x00000000ffc00000, 0x0000000100000000)
  eden space 547328K, 0% used [0x00000000d5580000,0x00000000d5580000,0x00000000f6c00000)
  from space 56320K, 55% used [0x00000000f6c00000,0x00000000f8aa11a0,0x00000000fa300000)
  to   space 54784K, 0% used [0x00000000fc680000,0x00000000fc680000,0x00000000ffc00000)
 ParOldGen       total 198144K, used 82857K [0x0000000080000000, 0x000000008c180000, 0x00000000d5580000)
  object space 198144K, 41% used [0x0000000080000000,0x00000000850ea410,0x000000008c180000)
 Metaspace       used 118421K, capacity 128316K, committed 128460K, reserved 1161216K
  class space    used 15371K, capacity 17015K, committed 17152K, reserved 1048576K
}

