# JRE version: OpenJDK Runtime Environment (8.0_242-b01) (build 1.8.0_242-release-1644-b01)
# Java VM: OpenJDK 64-Bit Server VM (25.242-b01 mixed mode windows-amd64 compressed oops)
Heap:
 PSYoungGen      total 315392K, used 42284K [0x00000000d5580000, 0x00000000ed600000, 0x0000000100000000)
  eden space 278528K, 12% used [0x00000000d5580000,0x00000000d76332e8,0x00000000e6580000)
  from space 36864K, 23% used [0x00000000e6580000,0x00000000e6e18000,0x00000000e8980000)
  to   space 35328K, 0% used [0x00000000eb380000,0x00000000eb380000,0x00000000ed600000)
 ParOldGen       total 115712K, used 91603K [0x0000000080000000, 0x0000000087100000, 0x00000000d5580000)
  object space 115712K, 79% used [0x0000000080000000,0x0000000085974ed0,0x0000000087100000)
 Metaspace       used 85715K, capacity 91584K, committed 91672K, reserved 1128448K
  class space    used 11797K, capacity 12814K, committed 12848K, reserved 1048576K
GC Heap History (10 events):
Event: 15.098 GC heap before
{Heap before GC invocations=18 (full 3):
 PSYoungGen      total 222720K, used 222339K [0x00000000d5580000, 0x00000000e5100000, 0x0000000100000000)
  eden space 207360K, 100% used [0x00000000d5580000,0x00000000e2000000,0x00000000e2000000)
  from space 15360K, 97% used [0x00000000e4200000,0x00000000e50a0e48,0x00000000e5100000)
  to   space 18432K, 0% used [0x00000000e2d00000,0x00000000e2d00000,0x00000000e3f00000)
 ParOldGen       total 115712K, used 33958K [0x0000000080000000, 0x0000000087100000, 0x00000000d5580000)
  object space 115712K, 29% used [0x0000000080000000,0x0000000082129828,0x0000000087100000)
 Metaspace       used 74068K, capacity 77766K, committed 77976K, reserved 1116160K
  class space    used 10136K, capacity 10829K, committed 10928K, reserved 1048576K
Event: 15.136 GC heap after
Heap after GC invocations=18 (full 3):
 PSYoungGen      total 239104K, used 18413K [0x00000000d5580000, 0x00000000e7a80000, 0x0000000100000000)
  eden space 220672K, 0% used [0x00000000d5580000,0x00000000d5580000,0x00000000e2d00000)
  from space 18432K, 99% used [0x00000000e2d00000,0x00000000e3efb510,0x00000000e3f00000)
  to   space 24576K, 0% used [0x00000000e6280000,0x00000000e6280000,0x00000000e7a80000)
 ParOldGen       total 115712K, used 43406K [0x0000000080000000, 0x0000000087100000, 0x00000000d5580000)
  object space 115712K, 37% used [0x0000000080000000,0x0000000082a63ac0,0x0000000087100000)
 Metaspace       used 74068K, capacity 77766K, committed 77976K, reserved 1116160K
  class space    used 10136K, capacity 10829K, committed 10928K, reserved 1048576K
}
Event: 16.891 GC heap before
{Heap before GC invocations=19 (full 3):
 PSYoungGen      total 239104K, used 239085K [0x00000000d5580000, 0x00000000e7a80000, 0x0000000100000000)
  eden space 220672K, 100% used [0x00000000d5580000,0x00000000e2d00000,0x00000000e2d00000)
  from space 18432K, 99% used [0x00000000e2d00000,0x00000000e3efb510,0x00000000e3f00000)
  to   space 24576K, 0% used [0x00000000e6280000,0x00000000e6280000,0x00000000e7a80000)
 ParOldGen       total 115712K, used 43406K [0x0000000080000000, 0x0000000087100000, 0x00000000d5580000)
  object space 115712K, 37% used [0x0000000080000000,0x0000000082a63ac0,0x0000000087100000)
 Metaspace       used 84243K, capacity 90006K, committed 90136K, reserved 1126400K
  class space    used 11738K, capacity 12751K, committed 12848K, reserved 1048576K
Event: 17.021 GC heap after
Heap after GC invocations=19 (full 3):
 PSYoungGen      total 261632K, used 24570K [0x00000000d5580000, 0x00000000eb900000, 0x0000000100000000)
  eden space 237056K, 0% used [0x00000000d5580000,0x00000000d5580000,0x00000000e3d00000)
  from space 24576K, 99% used [0x00000000e6280000,0x00000000e7a7e818,0x00000000e7a80000)
  to   space 38400K, 0% used [0x00000000e3d00000,0x00000000e3d00000,0x00000000e6280000)
 ParOldGen       total 115712K, used 70276K [0x0000000080000000, 0x0000000087100000, 0x00000000d5580000)
  object space 115712K, 60% used [0x0000000080000000,0x00000000844a1238,0x0000000087100000)
 Metaspace       used 84243K, capacity 90006K, committed 90136K, reserved 1126400K
  class space    used 11738K, capacity 12751K, committed 12848K, reserved 1048576K
}
Event: 18.768 GC heap before
{Heap before GC invocations=20 (full 3):
 PSYoungGen      total 261632K, used 261626K [0x00000000d5580000, 0x00000000eb900000, 0x0000000100000000)
  eden space 237056K, 100% used [0x00000000d5580000,0x00000000e3d00000,0x00000000e3d00000)
  from space 24576K, 99% used [0x00000000e6280000,0x00000000e7a7e818,0x00000000e7a80000)
  to   space 38400K, 0% used [0x00000000e3d00000,0x00000000e3d00000,0x00000000e6280000)
 ParOldGen       total 115712K, used 70276K [0x0000000080000000, 0x0000000087100000, 0x00000000d5580000)
  object space 115712K, 60% used [0x0000000080000000,0x00000000844a1238,0x0000000087100000)
 Metaspace       used 85243K, capacity 91044K, committed 91160K, reserved 1128448K
  class space    used 11782K, capacity 12806K, committed 12848K, reserved 1048576K
Event: 18.798 GC heap after
Heap after GC invocations=20 (full 3):
 PSYoungGen      total 275456K, used 2144K [0x00000000d5580000, 0x00000000eb380000, 0x0000000100000000)
  eden space 237056K, 0% used [0x00000000d5580000,0x00000000d5580000,0x00000000e3d00000)
  from space 38400K, 5% used [0x00000000e3d00000,0x00000000e3f18000,0x00000000e6280000)
  to   space 37888K, 0% used [0x00000000e8e80000,0x00000000e8e80000,0x00000000eb380000)
 ParOldGen       total 115712K, used 91587K [0x0000000080000000, 0x0000000087100000, 0x00000000d5580000)
  object space 115712K, 79% used [0x0000000080000000,0x0000000085970ed0,0x0000000087100000)
 Metaspace       used 85243K, capacity 91044K, committed 91160K, reserved 1128448K
  class space    used 11782K, capacity 12806K, committed 12848K, reserved 1048576K
}
Event: 19.945 GC heap before
{Heap before GC invocations=21 (full 3):
 PSYoungGen      total 275456K, used 239200K [0x00000000d5580000, 0x00000000eb380000, 0x0000000100000000)
  eden space 237056K, 100% used [0x00000000d5580000,0x00000000e3d00000,0x00000000e3d00000)
  from space 38400K, 5% used [0x00000000e3d00000,0x00000000e3f18000,0x00000000e6280000)
  to   space 37888K, 0% used [0x00000000e8e80000,0x00000000e8e80000,0x00000000eb380000)
 ParOldGen       total 115712K, used 91587K [0x0000000080000000, 0x0000000087100000, 0x00000000d5580000)
  object space 115712K, 79% used [0x0000000080000000,0x0000000085970ed0,0x0000000087100000)
 Metaspace       used 85535K, capacity 91428K, committed 91672K, reserved 1128448K
  class space    used 11795K, capacity 12814K, committed 12848K, reserved 1048576K
Event: 19.957 GC heap after
Heap after GC invocations=21 (full 3):
 PSYoungGen      total 310272K, used 5568K [0x00000000d5580000, 0x00000000ead80000, 0x0000000100000000)
  eden space 278528K, 0% used [0x00000000d5580000,0x00000000d5580000,0x00000000e6580000)
  from space 31744K, 17% used [0x00000000e8e80000,0x00000000e93f0000,0x00000000ead80000)
  to   space 36864K, 0% used [0x00000000e6580000,0x00000000e6580000,0x00000000e8980000)
 ParOldGen       total 115712K, used 91595K [0x0000000080000000, 0x0000000087100000, 0x00000000d5580000)
  object space 115712K, 79% used [0x0000000080000000,0x0000000085972ed0,0x0000000087100000)
 Metaspace       used 85535K, capacity 91428K, committed 91672K, reserved 1128448K
  class space    used 11795K, capacity 12814K, committed 12848K, reserved 1048576K
}
Event: 21.843 GC heap before
{Heap before GC invocations=22 (full 3):
 PSYoungGen      total 310272K, used 284096K [0x00000000d5580000, 0x00000000ead80000, 0x0000000100000000)
  eden space 278528K, 100% used [0x00000000d5580000,0x00000000e6580000,0x00000000e6580000)
  from space 31744K, 17% used [0x00000000e8e80000,0x00000000e93f0000,0x00000000ead80000)
  to   space 36864K, 0% used [0x00000000e6580000,0x00000000e6580000,0x00000000e8980000)
 ParOldGen       total 115712K, used 91595K [0x0000000080000000, 0x0000000087100000, 0x00000000d5580000)
  object space 115712K, 79% used [0x0000000080000000,0x0000000085972ed0,0x0000000087100000)
 Metaspace       used 85707K, capacity 91584K, committed 91672K, reserved 1128448K
  class space    used 11797K, capacity 12814K, committed 12848K, reserved 1048576K
Event: 21.865 GC heap after
Heap after GC invocations=22 (full 3):
 PSYoungGen      total 315392K, used 8800K [0x00000000d5580000, 0x00000000ed600000, 0x0000000100000000)
  eden space 278528K, 0% used [0x00000000d5580000,0x00000000d5580000,0x00000000e6580000)
  from space 36864K, 23% used [0x00000000e6580000,0x00000000e6e18000,0x00000000e8980000)
  to   space 35328K, 0% used [0x00000000eb380000,0x00000000eb380000,0x00000000ed600000)
 ParOldGen       total 115712K, used 91603K [0x0000000080000000, 0x0000000087100000, 0x00000000d5580000)
  object space 115712K, 79% used [0x0000000080000000,0x0000000085974ed0,0x0000000087100000)
 Metaspace       used 85707K, capacity 91584K, committed 91672K, reserved 1128448K
  class space    used 11797K, capacity 12814K, committed 12848K, reserved 1048576K
}

