# JRE version: OpenJDK Runtime Environment (8.0_242-b01) (build 1.8.0_242-release-1644-b01)
# Java VM: OpenJDK 64-Bit Server VM (25.242-b01 mixed mode windows-amd64 compressed oops)
Heap:
 PSYoungGen      total 241152K, used 46331K [0x00000000d5580000, 0x00000000e8000000, 0x0000000100000000)
  eden space 219648K, 11% used [0x00000000d5580000,0x00000000d6e96038,0x00000000e2c00000)
  from space 21504K, 96% used [0x00000000e2c00000,0x00000000e4028f88,0x00000000e4100000)
  to   space 24576K, 0% used [0x00000000e6800000,0x00000000e6800000,0x00000000e8000000)
 ParOldGen       total 83456K, used 37539K [0x0000000080000000, 0x0000000085180000, 0x00000000d5580000)
  object space 83456K, 44% used [0x0000000080000000,0x00000000824a8f68,0x0000000085180000)
 Metaspace       used 68231K, capacity 71656K, committed 71960K, reserved 1112064K
  class space    used 9355K, capacity 9979K, committed 10032K, reserved 1048576K
GC Heap History (10 events):
Event: 4.307 GC heap before
{Heap before GC invocations=10 (full 2):
 PSYoungGen      total 192512K, used 8812K [0x00000000d5580000, 0x00000000e2200000, 0x0000000100000000)
  eden space 178688K, 0% used [0x00000000d5580000,0x00000000d5580000,0x00000000e0400000)
  from space 13824K, 63% used [0x00000000e1180000,0x00000000e1a1b318,0x00000000e1f00000)
  to   space 13824K, 0% used [0x00000000e0400000,0x00000000e0400000,0x00000000e1180000)
 ParOldGen       total 54784K, used 10755K [0x0000000080000000, 0x0000000083580000, 0x00000000d5580000)
  object space 54784K, 19% used [0x0000000080000000,0x0000000080a80e18,0x0000000083580000)
 Metaspace       used 34372K, capacity 35432K, committed 35496K, reserved 1079296K
  class space    used 4734K, capacity 5007K, committed 5040K, reserved 1048576K
Event: 4.352 GC heap after
Heap after GC invocations=10 (full 2):
 PSYoungGen      total 192512K, used 0K [0x00000000d5580000, 0x00000000e2200000, 0x0000000100000000)
  eden space 178688K, 0% used [0x00000000d5580000,0x00000000d5580000,0x00000000e0400000)
  from space 13824K, 0% used [0x00000000e1180000,0x00000000e1180000,0x00000000e1f00000)
  to   space 13824K, 0% used [0x00000000e0400000,0x00000000e0400000,0x00000000e1180000)
 ParOldGen       total 83456K, used 15121K [0x0000000080000000, 0x0000000085180000, 0x00000000d5580000)
  object space 83456K, 18% used [0x0000000080000000,0x0000000080ec4678,0x0000000085180000)
 Metaspace       used 34372K, capacity 35432K, committed 35496K, reserved 1079296K
  class space    used 4734K, capacity 5007K, committed 5040K, reserved 1048576K
}
Event: 5.869 GC heap before
{Heap before GC invocations=11 (full 2):
 PSYoungGen      total 192512K, used 178688K [0x00000000d5580000, 0x00000000e2200000, 0x0000000100000000)
  eden space 178688K, 100% used [0x00000000d5580000,0x00000000e0400000,0x00000000e0400000)
  from space 13824K, 0% used [0x00000000e1180000,0x00000000e1180000,0x00000000e1f00000)
  to   space 13824K, 0% used [0x00000000e0400000,0x00000000e0400000,0x00000000e1180000)
 ParOldGen       total 83456K, used 15121K [0x0000000080000000, 0x0000000085180000, 0x00000000d5580000)
  object space 83456K, 18% used [0x0000000080000000,0x0000000080ec4678,0x0000000085180000)
 Metaspace       used 44402K, capacity 46226K, committed 46376K, reserved 1089536K
  class space    used 6041K, capacity 6435K, committed 6448K, reserved 1048576K
Event: 5.885 GC heap after
Heap after GC invocations=11 (full 2):
 PSYoungGen      total 192512K, used 13814K [0x00000000d5580000, 0x00000000e5080000, 0x0000000100000000)
  eden space 178688K, 0% used [0x00000000d5580000,0x00000000d5580000,0x00000000e0400000)
  from space 13824K, 99% used [0x00000000e0400000,0x00000000e117d868,0x00000000e1180000)
  to   space 15872K, 0% used [0x00000000e4100000,0x00000000e4100000,0x00000000e5080000)
 ParOldGen       total 83456K, used 15959K [0x0000000080000000, 0x0000000085180000, 0x00000000d5580000)
  object space 83456K, 19% used [0x0000000080000000,0x0000000080f95cb8,0x0000000085180000)
 Metaspace       used 44402K, capacity 46226K, committed 46376K, reserved 1089536K
  class space    used 6041K, capacity 6435K, committed 6448K, reserved 1048576K
}
Event: 7.694 GC heap before
{Heap before GC invocations=12 (full 2):
 PSYoungGen      total 192512K, used 164783K [0x00000000d5580000, 0x00000000e5080000, 0x0000000100000000)
  eden space 178688K, 84% used [0x00000000d5580000,0x00000000de8ee728,0x00000000e0400000)
  from space 13824K, 99% used [0x00000000e0400000,0x00000000e117d868,0x00000000e1180000)
  to   space 15872K, 0% used [0x00000000e4100000,0x00000000e4100000,0x00000000e5080000)
 ParOldGen       total 83456K, used 15959K [0x0000000080000000, 0x0000000085180000, 0x00000000d5580000)
  object space 83456K, 19% used [0x0000000080000000,0x0000000080f95cb8,0x0000000085180000)
 Metaspace       used 56764K, capacity 59130K, committed 59160K, reserved 1099776K
  class space    used 7775K, capacity 8222K, committed 8240K, reserved 1048576K
Event: 7.719 GC heap after
Heap after GC invocations=12 (full 2):
 PSYoungGen      total 235520K, used 15852K [0x00000000d5580000, 0x00000000e5a80000, 0x0000000100000000)
  eden space 219648K, 0% used [0x00000000d5580000,0x00000000d5580000,0x00000000e2c00000)
  from space 15872K, 99% used [0x00000000e4100000,0x00000000e507b310,0x00000000e5080000)
  to   space 21504K, 0% used [0x00000000e2c00000,0x00000000e2c00000,0x00000000e4100000)
 ParOldGen       total 83456K, used 25823K [0x0000000080000000, 0x0000000085180000, 0x00000000d5580000)
  object space 83456K, 30% used [0x0000000080000000,0x0000000081937f30,0x0000000085180000)
 Metaspace       used 56764K, capacity 59130K, committed 59160K, reserved 1099776K
  class space    used 7775K, capacity 8222K, committed 8240K, reserved 1048576K
}
Event: 7.719 GC heap before
{Heap before GC invocations=13 (full 3):
 PSYoungGen      total 235520K, used 15852K [0x00000000d5580000, 0x00000000e5a80000, 0x0000000100000000)
  eden space 219648K, 0% used [0x00000000d5580000,0x00000000d5580000,0x00000000e2c00000)
  from space 15872K, 99% used [0x00000000e4100000,0x00000000e507b310,0x00000000e5080000)
  to   space 21504K, 0% used [0x00000000e2c00000,0x00000000e2c00000,0x00000000e4100000)
 ParOldGen       total 83456K, used 25823K [0x0000000080000000, 0x0000000085180000, 0x00000000d5580000)
  object space 83456K, 30% used [0x0000000080000000,0x0000000081937f30,0x0000000085180000)
 Metaspace       used 56764K, capacity 59130K, committed 59160K, reserved 1099776K
  class space    used 7775K, capacity 8222K, committed 8240K, reserved 1048576K
Event: 7.932 GC heap after
Heap after GC invocations=13 (full 3):
 PSYoungGen      total 235520K, used 0K [0x00000000d5580000, 0x00000000e5a80000, 0x0000000100000000)
  eden space 219648K, 0% used [0x00000000d5580000,0x00000000d5580000,0x00000000e2c00000)
  from space 15872K, 0% used [0x00000000e4100000,0x00000000e4100000,0x00000000e5080000)
  to   space 21504K, 0% used [0x00000000e2c00000,0x00000000e2c00000,0x00000000e4100000)
 ParOldGen       total 83456K, used 37531K [0x0000000080000000, 0x0000000085180000, 0x00000000d5580000)
  object space 83456K, 44% used [0x0000000080000000,0x00000000824a6f68,0x0000000085180000)
 Metaspace       used 56720K, capacity 58980K, committed 59160K, reserved 1099776K
  class space    used 7761K, capacity 8197K, committed 8240K, reserved 1048576K
}
Event: 11.861 GC heap before
{Heap before GC invocations=14 (full 3):
 PSYoungGen      total 235520K, used 219648K [0x00000000d5580000, 0x00000000e5a80000, 0x0000000100000000)
  eden space 219648K, 100% used [0x00000000d5580000,0x00000000e2c00000,0x00000000e2c00000)
  from space 15872K, 0% used [0x00000000e4100000,0x00000000e4100000,0x00000000e5080000)
  to   space 21504K, 0% used [0x00000000e2c00000,0x00000000e2c00000,0x00000000e4100000)
 ParOldGen       total 83456K, used 37531K [0x0000000080000000, 0x0000000085180000, 0x00000000d5580000)
  object space 83456K, 44% used [0x0000000080000000,0x00000000824a6f68,0x0000000085180000)
 Metaspace       used 67800K, capacity 71196K, committed 71448K, reserved 1110016K
  class space    used 9308K, capacity 9927K, committed 10032K, reserved 1048576K
Event: 11.889 GC heap after
Heap after GC invocations=14 (full 3):
 PSYoungGen      total 241152K, used 20643K [0x00000000d5580000, 0x00000000e8000000, 0x0000000100000000)
  eden space 219648K, 0% used [0x00000000d5580000,0x00000000d5580000,0x00000000e2c00000)
  from space 21504K, 96% used [0x00000000e2c00000,0x00000000e4028f88,0x00000000e4100000)
  to   space 24576K, 0% used [0x00000000e6800000,0x00000000e6800000,0x00000000e8000000)
 ParOldGen       total 83456K, used 37539K [0x0000000080000000, 0x0000000085180000, 0x00000000d5580000)
  object space 83456K, 44% used [0x0000000080000000,0x00000000824a8f68,0x0000000085180000)
 Metaspace       used 67800K, capacity 71196K, committed 71448K, reserved 1110016K
  class space    used 9308K, capacity 9927K, committed 10032K, reserved 1048576K
}

